android/app/build/intermediates/manifest_merge_blame_file/release/manifest-merger-blame-release-report.txt
1<?xml version="1.0" encoding="utf-8"?>
2<manifest xmlns:android="http://schemas.android.com/apk/res/android"
3    package="com.moopbusiness"
4    android:versionCode="1"
5    android:versionName="1.0" >
6
7    <uses-sdk
8        android:minSdkVersion="21"
8-->src/main/AndroidManifest.xml
9        android:targetSdkVersion="30" />
9-->src/main/AndroidManifest.xml
10
11    <uses-permission android:name="android.permission.INTERNET" />
11-->src/main/AndroidManifest.xml:4:5-67
11-->src/main/AndroidManifest.xml:4:22-64
12    <uses-permission android:name="android.permission.VIBRATE" />
12-->src/main/AndroidManifest.xml:5:5-66
12-->src/main/AndroidManifest.xml:5:22-63
13    <uses-permission android:name="android.permission.RECEIVE_BOOT_COMPLETED" />
13-->src/main/AndroidManifest.xml:6:5-80
13-->src/main/AndroidManifest.xml:6:22-78
14    <uses-permission android:name="android.permission.ACCESS_NETWORK_STATE" />
14-->[:react-native-community_netinfo] AndroidManifest.xml:9:5-79
14-->[:react-native-community_netinfo] AndroidManifest.xml:9:22-76
15    <uses-permission android:name="android.permission.ACCESS_WIFI_STATE" />
15-->[:react-native-community_netinfo] AndroidManifest.xml:10:5-76
15-->[:react-native-community_netinfo] AndroidManifest.xml:10:22-73
16    <uses-permission android:name="android.permission.READ_EXTERNAL_STORAGE" />
16-->[com.instabug.library:instabug-bug:10.8.1] AndroidManifest.xml:11:5-80
16-->[com.instabug.library:instabug-bug:10.8.1] AndroidManifest.xml:11:22-77
17    <uses-permission
17-->[com.instabug.library:instabug-core:10.8.1] AndroidManifest.xml:11:5-13:38
18        android:name="android.permission.WRITE_EXTERNAL_STORAGE"
18-->[com.instabug.library:instabug-core:10.8.1] AndroidManifest.xml:12:9-65
19        android:maxSdkVersion="28" />
19-->[com.instabug.library:instabug-core:10.8.1] AndroidManifest.xml:13:9-35
20    <uses-permission android:name="android.permission.RECORD_AUDIO" />
20-->[com.instabug.library:instabug-core:10.8.1] AndroidManifest.xml:16:5-71
20-->[com.instabug.library:instabug-core:10.8.1] AndroidManifest.xml:16:22-68
21    <uses-permission android:name="android.permission.MODIFY_AUDIO_SETTINGS" />
21-->[com.instabug.library:instabug-core:10.8.1] AndroidManifest.xml:17:5-80
21-->[com.instabug.library:instabug-core:10.8.1] AndroidManifest.xml:17:22-77
22    <uses-permission android:name="android.permission.WAKE_LOCK" />
22-->[com.instabug.library:instabug-core:10.8.1] AndroidManifest.xml:19:5-68
22-->[com.instabug.library:instabug-core:10.8.1] AndroidManifest.xml:19:22-65
23    <uses-permission android:name="android.permission.FOREGROUND_SERVICE" /> <!-- Required by older versions of Google Play services to create IID tokens -->
23-->[com.instabug.library:instabug-core:10.8.1] AndroidManifest.xml:20:5-77
23-->[com.instabug.library:instabug-core:10.8.1] AndroidManifest.xml:20:22-74
24    <uses-permission android:name="com.google.android.c2dm.permission.RECEIVE" />
24-->[com.google.firebase:firebase-messaging:23.0.0] AndroidManifest.xml:25:5-82
24-->[com.google.firebase:firebase-messaging:23.0.0] AndroidManifest.xml:25:22-79
25    <uses-permission android:name="com.google.android.finsky.permission.BIND_GET_INSTALL_REFERRER_SERVICE" /> <!-- Include required permissions for Advertising Id -->
25-->[com.google.android.gms:play-services-measurement:20.0.1] AndroidManifest.xml:26:5-110
25-->[com.google.android.gms:play-services-measurement:20.0.1] AndroidManifest.xml:26:22-107
26    <uses-permission android:name="com.google.android.gms.permission.AD_ID" /> <!-- for android -->
26-->[com.google.android.gms:play-services-ads-identifier:18.0.0] AndroidManifest.xml:23:5-79
26-->[com.google.android.gms:play-services-ads-identifier:18.0.0] AndroidManifest.xml:23:22-76
27    <!-- <uses-permission android:name="com.android.launcher.permission.READ_SETTINGS"/> -->
28    <!-- <uses-permission android:name="com.android.launcher.permission.WRITE_SETTINGS"/> -->
29    <!-- <uses-permission android:name="com.android.launcher.permission.INSTALL_SHORTCUT" /> -->
30    <!-- <uses-permission android:name="com.android.launcher.permission.UNINSTALL_SHORTCUT" /> -->
31    <!-- for Samsung -->
32    <uses-permission android:name="com.sec.android.provider.badge.permission.READ" />
32-->[me.leolin:ShortcutBadger:1.1.22] AndroidManifest.xml:19:5-86
32-->[me.leolin:ShortcutBadger:1.1.22] AndroidManifest.xml:19:22-83
33    <uses-permission android:name="com.sec.android.provider.badge.permission.WRITE" /> <!-- for htc -->
33-->[me.leolin:ShortcutBadger:1.1.22] AndroidManifest.xml:20:5-87
33-->[me.leolin:ShortcutBadger:1.1.22] AndroidManifest.xml:20:22-84
34    <uses-permission android:name="com.htc.launcher.permission.READ_SETTINGS" />
34-->[me.leolin:ShortcutBadger:1.1.22] AndroidManifest.xml:23:5-81
34-->[me.leolin:ShortcutBadger:1.1.22] AndroidManifest.xml:23:22-78
35    <uses-permission android:name="com.htc.launcher.permission.UPDATE_SHORTCUT" /> <!-- for sony -->
35-->[me.leolin:ShortcutBadger:1.1.22] AndroidManifest.xml:24:5-83
35-->[me.leolin:ShortcutBadger:1.1.22] AndroidManifest.xml:24:22-80
36    <uses-permission android:name="com.sonyericsson.home.permission.BROADCAST_BADGE" />
36-->[me.leolin:ShortcutBadger:1.1.22] AndroidManifest.xml:27:5-88
36-->[me.leolin:ShortcutBadger:1.1.22] AndroidManifest.xml:27:22-85
37    <uses-permission android:name="com.sonymobile.home.permission.PROVIDER_INSERT_BADGE" /> <!-- for apex -->
37-->[me.leolin:ShortcutBadger:1.1.22] AndroidManifest.xml:28:5-92
37-->[me.leolin:ShortcutBadger:1.1.22] AndroidManifest.xml:28:22-89
38    <uses-permission android:name="com.anddoes.launcher.permission.UPDATE_COUNT" /> <!-- for solid -->
38-->[me.leolin:ShortcutBadger:1.1.22] AndroidManifest.xml:31:5-84
38-->[me.leolin:ShortcutBadger:1.1.22] AndroidManifest.xml:31:22-81
39    <uses-permission android:name="com.majeur.launcher.permission.UPDATE_BADGE" /> <!-- for huawei -->
39-->[me.leolin:ShortcutBadger:1.1.22] AndroidManifest.xml:34:5-83
39-->[me.leolin:ShortcutBadger:1.1.22] AndroidManifest.xml:34:22-80
40    <uses-permission android:name="com.huawei.android.launcher.permission.CHANGE_BADGE" />
40-->[me.leolin:ShortcutBadger:1.1.22] AndroidManifest.xml:37:5-91
40-->[me.leolin:ShortcutBadger:1.1.22] AndroidManifest.xml:37:22-88
41    <uses-permission android:name="com.huawei.android.launcher.permission.READ_SETTINGS" />
41-->[me.leolin:ShortcutBadger:1.1.22] AndroidManifest.xml:38:5-92
41-->[me.leolin:ShortcutBadger:1.1.22] AndroidManifest.xml:38:22-89
42    <uses-permission android:name="com.huawei.android.launcher.permission.WRITE_SETTINGS" /> <!-- for ZUK -->
42-->[me.leolin:ShortcutBadger:1.1.22] AndroidManifest.xml:39:5-93
42-->[me.leolin:ShortcutBadger:1.1.22] AndroidManifest.xml:39:22-90
43    <uses-permission android:name="android.permission.READ_APP_BADGE" /> <!-- for OPPO -->
43-->[me.leolin:ShortcutBadger:1.1.22] AndroidManifest.xml:42:5-73
43-->[me.leolin:ShortcutBadger:1.1.22] AndroidManifest.xml:42:22-70
44    <uses-permission android:name="com.oppo.launcher.permission.READ_SETTINGS" />
44-->[me.leolin:ShortcutBadger:1.1.22] AndroidManifest.xml:45:5-82
44-->[me.leolin:ShortcutBadger:1.1.22] AndroidManifest.xml:45:22-79
45    <uses-permission android:name="com.oppo.launcher.permission.WRITE_SETTINGS" /> <!-- for EvMe -->
45-->[me.leolin:ShortcutBadger:1.1.22] AndroidManifest.xml:46:5-83
45-->[me.leolin:ShortcutBadger:1.1.22] AndroidManifest.xml:46:22-80
46    <uses-permission android:name="me.everything.badger.permission.BADGE_COUNT_READ" />
46-->[me.leolin:ShortcutBadger:1.1.22] AndroidManifest.xml:49:5-88
46-->[me.leolin:ShortcutBadger:1.1.22] AndroidManifest.xml:49:22-85
47    <uses-permission android:name="me.everything.badger.permission.BADGE_COUNT_WRITE" />
47-->[me.leolin:ShortcutBadger:1.1.22] AndroidManifest.xml:50:5-89
47-->[me.leolin:ShortcutBadger:1.1.22] AndroidManifest.xml:50:22-86
48
49    <application
49-->src/main/AndroidManifest.xml:9:5-54:19
50        android:name="com.moopbusiness.MainApplication"
50-->src/main/AndroidManifest.xml:10:7-38
51        android:allowBackup="false"
51-->src/main/AndroidManifest.xml:14:7-34
52        android:appComponentFactory="androidx.core.app.CoreComponentFactory"
52-->[androidx.core:core:1.3.2] AndroidManifest.xml:24:18-86
53        android:icon="@mipmap/ic_launcher"
53-->src/main/AndroidManifest.xml:12:7-41
54        android:label="@string/app_name"
54-->src/main/AndroidManifest.xml:11:7-39
55        android:roundIcon="@mipmap/ic_launcher_round"
55-->src/main/AndroidManifest.xml:13:7-52
56        android:theme="@style/AppTheme"
56-->src/main/AndroidManifest.xml:17:7-38
57        android:usesCleartextTraffic="true" >
57-->src/main/AndroidManifest.xml:15:7-42
58        <activity
58-->src/main/AndroidManifest.xml:18:7-28:18
59            android:name="com.moopbusiness.MainActivity"
59-->src/main/AndroidManifest.xml:19:9-37
60            android:configChanges="keyboard|keyboardHidden|orientation|screenSize|uiMode"
60-->src/main/AndroidManifest.xml:21:9-86
61            android:label="@string/app_name"
61-->src/main/AndroidManifest.xml:20:9-41
62            android:launchMode="singleTask"
62-->src/main/AndroidManifest.xml:22:9-40
63            android:windowSoftInputMode="adjustResize" >
63-->src/main/AndroidManifest.xml:23:9-51
64            <intent-filter>
64-->src/main/AndroidManifest.xml:24:9-27:25
65                <action android:name="android.intent.action.MAIN" />
65-->src/main/AndroidManifest.xml:25:13-65
65-->src/main/AndroidManifest.xml:25:21-62
66
67                <category android:name="android.intent.category.LAUNCHER" />
67-->src/main/AndroidManifest.xml:26:13-73
67-->src/main/AndroidManifest.xml:26:23-70
68            </intent-filter>
69        </activity>
70
71        <meta-data
71-->src/main/AndroidManifest.xml:30:8-31:44
72            android:name="com.dieam.reactnativepushnotification.notification_foreground"
72-->src/main/AndroidManifest.xml:30:20-96
73            android:value="false" />
73-->src/main/AndroidManifest.xml:31:21-42
74        <!-- Change the resource name to your App's accent color - or any other color you want -->
75        <meta-data
75-->src/main/AndroidManifest.xml:33:9-34:54
76            android:name="com.dieam.reactnativepushnotification.notification_color"
76-->src/main/AndroidManifest.xml:33:21-92
77            android:resource="@color/white" /> <!-- or @android:color/{name} to use a standard color -->
77-->src/main/AndroidManifest.xml:34:21-52
78
79        <receiver android:name="com.dieam.reactnativepushnotification.modules.RNPushNotificationActions" />
79-->src/main/AndroidManifest.xml:36:9-108
79-->src/main/AndroidManifest.xml:36:19-105
80        <receiver android:name="com.dieam.reactnativepushnotification.modules.RNPushNotificationPublisher" />
80-->src/main/AndroidManifest.xml:37:9-110
80-->src/main/AndroidManifest.xml:37:19-107
81        <receiver android:name="com.dieam.reactnativepushnotification.modules.RNPushNotificationBootEventReceiver" >
81-->src/main/AndroidManifest.xml:38:9-44:20
81-->src/main/AndroidManifest.xml:38:19-115
82            <intent-filter>
82-->src/main/AndroidManifest.xml:39:13-43:29
83                <action android:name="android.intent.action.BOOT_COMPLETED" />
83-->src/main/AndroidManifest.xml:40:17-79
83-->src/main/AndroidManifest.xml:40:25-76
84                <action android:name="android.intent.action.QUICKBOOT_POWERON" />
84-->src/main/AndroidManifest.xml:41:17-82
84-->src/main/AndroidManifest.xml:41:25-79
85                <action android:name="com.htc.intent.action.QUICKBOOT_POWERON" />
85-->src/main/AndroidManifest.xml:42:17-81
85-->src/main/AndroidManifest.xml:42:25-79
86            </intent-filter>
87        </receiver>
88
89        <service
89-->src/main/AndroidManifest.xml:46:9-52:19
90            android:name="com.dieam.reactnativepushnotification.modules.RNPushNotificationListenerService"
90-->src/main/AndroidManifest.xml:47:13-107
91            android:exported="false" >
91-->src/main/AndroidManifest.xml:48:13-37
92            <intent-filter>
92-->src/main/AndroidManifest.xml:49:13-51:29
93                <action android:name="com.google.firebase.MESSAGING_EVENT" />
93-->src/main/AndroidManifest.xml:50:17-78
93-->src/main/AndroidManifest.xml:50:25-75
94            </intent-filter>
95        </service>
96
97        <meta-data
97-->[:react-native-firebase_app] AndroidManifest.xml:10:9-12:36
98            android:name="app_data_collection_default_enabled"
98-->[:react-native-firebase_app] AndroidManifest.xml:11:13-63
99            android:value="true" />
99-->[:react-native-firebase_app] AndroidManifest.xml:12:13-33
100
101        <service
101-->[:react-native-firebase_app] AndroidManifest.xml:14:9-18:19
102            android:name="com.google.firebase.components.ComponentDiscoveryService"
102-->[:react-native-firebase_app] AndroidManifest.xml:14:18-89
103            android:directBootAware="true"
103-->[com.google.firebase:firebase-common:20.0.0] AndroidManifest.xml:35:13-43
104            android:exported="false" >
104-->[com.google.firebase:firebase-messaging:23.0.0] AndroidManifest.xml:51:13-37
105            <meta-data
105-->[:react-native-firebase_app] AndroidManifest.xml:15:13-17:85
106                android:name="com.google.firebase.components:io.invertase.firebase.app.ReactNativeFirebaseAppRegistrar"
106-->[:react-native-firebase_app] AndroidManifest.xml:16:17-120
107                android:value="com.google.firebase.components.ComponentRegistrar" />
107-->[:react-native-firebase_app] AndroidManifest.xml:17:17-82
108            <meta-data
108-->[com.google.firebase:firebase-messaging:23.0.0] AndroidManifest.xml:52:13-54:85
109                android:name="com.google.firebase.components:com.google.firebase.messaging.FirebaseMessagingRegistrar"
109-->[com.google.firebase:firebase-messaging:23.0.0] AndroidManifest.xml:53:17-119
110                android:value="com.google.firebase.components.ComponentRegistrar" />
110-->[com.google.firebase:firebase-messaging:23.0.0] AndroidManifest.xml:54:17-82
111            <meta-data
111-->[com.google.firebase:firebase-datatransport:18.0.0] AndroidManifest.xml:28:13-30:85
112                android:name="com.google.firebase.components:com.google.firebase.datatransport.TransportRegistrar"
112-->[com.google.firebase:firebase-datatransport:18.0.0] AndroidManifest.xml:29:17-115
113                android:value="com.google.firebase.components.ComponentRegistrar" />
113-->[com.google.firebase:firebase-datatransport:18.0.0] AndroidManifest.xml:30:17-82
114            <meta-data
114-->[com.google.android.gms:play-services-measurement-api:20.0.1] AndroidManifest.xml:30:13-32:85
115                android:name="com.google.firebase.components:com.google.firebase.analytics.connector.internal.AnalyticsConnectorRegistrar"
115-->[com.google.android.gms:play-services-measurement-api:20.0.1] AndroidManifest.xml:31:17-139
116                android:value="com.google.firebase.components.ComponentRegistrar" />
116-->[com.google.android.gms:play-services-measurement-api:20.0.1] AndroidManifest.xml:32:17-82
117            <meta-data
117-->[com.google.firebase:firebase-installations:17.0.0] AndroidManifest.xml:18:13-20:85
118                android:name="com.google.firebase.components:com.google.firebase.installations.FirebaseInstallationsRegistrar"
118-->[com.google.firebase:firebase-installations:17.0.0] AndroidManifest.xml:19:17-127
119                android:value="com.google.firebase.components.ComponentRegistrar" />
119-->[com.google.firebase:firebase-installations:17.0.0] AndroidManifest.xml:20:17-82
120        </service>
121
122        <provider
122-->[:react-native-firebase_app] AndroidManifest.xml:20:9-24:38
123            android:name="io.invertase.firebase.app.ReactNativeFirebaseAppInitProvider"
123-->[:react-native-firebase_app] AndroidManifest.xml:21:13-88
124            android:authorities="com.moopbusiness.reactnativefirebaseappinitprovider"
124-->[:react-native-firebase_app] AndroidManifest.xml:22:13-86
125            android:exported="false"
125-->[:react-native-firebase_app] AndroidManifest.xml:23:13-37
126            android:initOrder="99" />
126-->[:react-native-firebase_app] AndroidManifest.xml:24:13-35
127        <provider
127-->[:react-native-image-picker] AndroidManifest.xml:10:9-18:20
128            android:name="com.imagepicker.ImagePickerProvider"
128-->[:react-native-image-picker] AndroidManifest.xml:11:13-63
129            android:authorities="com.moopbusiness.imagepickerprovider"
129-->[:react-native-image-picker] AndroidManifest.xml:12:13-71
130            android:exported="false"
130-->[:react-native-image-picker] AndroidManifest.xml:13:13-37
131            android:grantUriPermissions="true" >
131-->[:react-native-image-picker] AndroidManifest.xml:14:13-47
132            <meta-data
132-->[:react-native-image-picker] AndroidManifest.xml:15:13-17:70
133                android:name="android.support.FILE_PROVIDER_PATHS"
133-->[:react-native-image-picker] AndroidManifest.xml:16:17-67
134                android:resource="@xml/imagepicker_provider_paths" />
134-->[:react-native-image-picker] AndroidManifest.xml:17:17-67
135        </provider>
136
137        <activity
137-->[com.instabug.library:instabug-survey:10.8.1] AndroidManifest.xml:12:9-17:58
138            android:name="com.instabug.survey.ui.SurveyActivity"
138-->[com.instabug.library:instabug-survey:10.8.1] AndroidManifest.xml:13:13-65
139            android:configChanges="orientation|screenSize"
139-->[com.instabug.library:instabug-survey:10.8.1] AndroidManifest.xml:14:13-59
140            android:launchMode="singleTask"
140-->[com.instabug.library:instabug-survey:10.8.1] AndroidManifest.xml:15:13-44
141            android:theme="@style/InstabugTranslucentSdkTheme"
141-->[com.instabug.library:instabug-survey:10.8.1] AndroidManifest.xml:16:13-63
142            android:windowSoftInputMode="adjustResize" />
142-->[com.instabug.library:instabug-survey:10.8.1] AndroidManifest.xml:17:13-55
143        <activity
143-->[com.instabug.library:instabug-survey:10.8.1] AndroidManifest.xml:18:9-23:58
144            android:name="com.instabug.survey.announcements.ui.activity.AnnouncementActivity"
144-->[com.instabug.library:instabug-survey:10.8.1] AndroidManifest.xml:19:13-94
145            android:configChanges="orientation|screenSize"
145-->[com.instabug.library:instabug-survey:10.8.1] AndroidManifest.xml:20:13-59
146            android:launchMode="singleTask"
146-->[com.instabug.library:instabug-survey:10.8.1] AndroidManifest.xml:21:13-44
147            android:theme="@style/InstabugTranslucentSdkTheme"
147-->[com.instabug.library:instabug-survey:10.8.1] AndroidManifest.xml:22:13-63
148            android:windowSoftInputMode="adjustResize" />
148-->[com.instabug.library:instabug-survey:10.8.1] AndroidManifest.xml:23:13-55
149
150        <service
150-->[com.instabug.library:instabug-survey:10.8.1] AndroidManifest.xml:25:9-27:72
151            android:name="com.instabug.survey.network.service.InstabugSurveysSubmitterService"
151-->[com.instabug.library:instabug-survey:10.8.1] AndroidManifest.xml:26:13-95
152            android:permission="android.permission.BIND_JOB_SERVICE" />
152-->[com.instabug.library:instabug-survey:10.8.1] AndroidManifest.xml:27:13-69
153        <service
153-->[com.instabug.library:instabug-survey:10.8.1] AndroidManifest.xml:28:9-30:72
154            android:name="com.instabug.survey.announcements.network.InstabugAnnouncementSubmitterService"
154-->[com.instabug.library:instabug-survey:10.8.1] AndroidManifest.xml:29:13-106
155            android:permission="android.permission.BIND_JOB_SERVICE" />
155-->[com.instabug.library:instabug-survey:10.8.1] AndroidManifest.xml:30:13-69
156        <service
156-->[com.instabug.library:instabug-crash:10.8.1] AndroidManifest.xml:12:9-14:72
157            android:name="com.instabug.crash.network.InstabugCrashesUploaderService"
157-->[com.instabug.library:instabug-crash:10.8.1] AndroidManifest.xml:13:13-85
158            android:permission="android.permission.BIND_JOB_SERVICE" />
158-->[com.instabug.library:instabug-crash:10.8.1] AndroidManifest.xml:14:13-69
159        <service
159-->[com.instabug.library:instabug-crash:10.8.1] AndroidManifest.xml:15:9-17:72
160            android:name="com.instabug.anr.network.InstabugAnrUploaderService"
160-->[com.instabug.library:instabug-crash:10.8.1] AndroidManifest.xml:16:13-79
161            android:permission="android.permission.BIND_JOB_SERVICE" />
161-->[com.instabug.library:instabug-crash:10.8.1] AndroidManifest.xml:17:13-69
162
163        <activity
163-->[com.instabug.library:instabug-bug:10.8.1] AndroidManifest.xml:14:9-20:20
164            android:name="com.instabug.bug.view.reporting.ReportingContainerActivity"
164-->[com.instabug.library:instabug-bug:10.8.1] AndroidManifest.xml:15:13-86
165            android:configChanges="orientation|keyboardHidden|screenSize"
165-->[com.instabug.library:instabug-bug:10.8.1] AndroidManifest.xml:16:13-74
166            android:launchMode="singleTask"
166-->[com.instabug.library:instabug-bug:10.8.1] AndroidManifest.xml:17:13-44
167            android:theme="@style/InstabugSdkTheme"
167-->[com.instabug.library:instabug-bug:10.8.1] AndroidManifest.xml:18:13-52
168            android:windowSoftInputMode="adjustResize" >
168-->[com.instabug.library:instabug-bug:10.8.1] AndroidManifest.xml:19:13-55
169        </activity>
170
171        <service
171-->[com.instabug.library:instabug-bug:10.8.1] AndroidManifest.xml:22:9-24:72
172            android:name="com.instabug.bug.network.InstabugBugsUploaderService"
172-->[com.instabug.library:instabug-bug:10.8.1] AndroidManifest.xml:23:13-80
173            android:permission="android.permission.BIND_JOB_SERVICE" />
173-->[com.instabug.library:instabug-bug:10.8.1] AndroidManifest.xml:24:13-69
174        <service
174-->[com.instabug.library:instabug-bug:10.8.1] AndroidManifest.xml:25:9-27:72
175            android:name="com.instabug.bug.view.actionList.service.ReportCategoriesService"
175-->[com.instabug.library:instabug-bug:10.8.1] AndroidManifest.xml:26:13-92
176            android:permission="android.permission.BIND_JOB_SERVICE" />
176-->[com.instabug.library:instabug-bug:10.8.1] AndroidManifest.xml:27:13-69
177
178        <activity
178-->[com.instabug.library:instabug-chat:10.8.1] AndroidManifest.xml:12:9-17:58
179            android:name="com.instabug.chat.ui.ChatActivity"
179-->[com.instabug.library:instabug-chat:10.8.1] AndroidManifest.xml:13:13-61
180            android:configChanges="orientation|screenSize"
180-->[com.instabug.library:instabug-chat:10.8.1] AndroidManifest.xml:14:13-59
181            android:launchMode="singleTop"
181-->[com.instabug.library:instabug-chat:10.8.1] AndroidManifest.xml:15:13-43
182            android:theme="@style/InstabugSdkTheme"
182-->[com.instabug.library:instabug-chat:10.8.1] AndroidManifest.xml:16:13-52
183            android:windowSoftInputMode="adjustResize" />
183-->[com.instabug.library:instabug-chat:10.8.1] AndroidManifest.xml:17:13-55
184
185        <service
185-->[com.instabug.library:instabug-chat:10.8.1] AndroidManifest.xml:19:9-21:72
186            android:name="com.instabug.chat.network.InstabugMessageUploaderService"
186-->[com.instabug.library:instabug-chat:10.8.1] AndroidManifest.xml:20:13-84
187            android:permission="android.permission.BIND_JOB_SERVICE" />
187-->[com.instabug.library:instabug-chat:10.8.1] AndroidManifest.xml:21:13-69
188        <service
188-->[com.instabug.library:instabug-chat:10.8.1] AndroidManifest.xml:22:9-24:72
189            android:name="com.instabug.chat.network.InstabugPushNotificationTokenService"
189-->[com.instabug.library:instabug-chat:10.8.1] AndroidManifest.xml:23:13-90
190            android:permission="android.permission.BIND_JOB_SERVICE" />
190-->[com.instabug.library:instabug-chat:10.8.1] AndroidManifest.xml:24:13-69
191
192        <activity
192-->[com.instabug.library:instabug-features-request:10.8.1] AndroidManifest.xml:12:9-17:58
193            android:name="com.instabug.featuresrequest.ui.FeaturesRequestActivity"
193-->[com.instabug.library:instabug-features-request:10.8.1] AndroidManifest.xml:13:13-83
194            android:configChanges="orientation|screenSize"
194-->[com.instabug.library:instabug-features-request:10.8.1] AndroidManifest.xml:14:13-59
195            android:launchMode="singleTop"
195-->[com.instabug.library:instabug-features-request:10.8.1] AndroidManifest.xml:15:13-43
196            android:theme="@style/Theme.AppCompat"
196-->[com.instabug.library:instabug-features-request:10.8.1] AndroidManifest.xml:16:13-51
197            android:windowSoftInputMode="adjustResize" />
197-->[com.instabug.library:instabug-features-request:10.8.1] AndroidManifest.xml:17:13-55
198
199        <service
199-->[com.instabug.library:instabug-features-request:10.8.1] AndroidManifest.xml:19:9-21:72
200            android:name="com.instabug.featuresrequest.network.service.FeaturesRequestVoteService"
200-->[com.instabug.library:instabug-features-request:10.8.1] AndroidManifest.xml:20:13-99
201            android:permission="android.permission.BIND_JOB_SERVICE" />
201-->[com.instabug.library:instabug-features-request:10.8.1] AndroidManifest.xml:21:13-69
202
203        <provider
203-->[com.instabug.library:instabug-apm:10.8.1] AndroidManifest.xml:14:9-18:46
204            android:name="com.instabug.apm.contentprovider.APMContentProvider"
204-->[com.instabug.library:instabug-apm:10.8.1] AndroidManifest.xml:15:13-79
205            android:authorities="com.moopbusiness.applaunch.contentprovider.AppLaunchContentProvider"
205-->[com.instabug.library:instabug-apm:10.8.1] AndroidManifest.xml:16:13-102
206            android:exported="false"
206-->[com.instabug.library:instabug-apm:10.8.1] AndroidManifest.xml:17:13-37
207            android:initOrder="2147483647" />
207-->[com.instabug.library:instabug-apm:10.8.1] AndroidManifest.xml:18:13-43
208
209        <service
209-->[com.instabug.library:instabug-core:10.8.1] AndroidManifest.xml:23:9-25:72
210            android:name="com.instabug.library.analytics.network.InstabugAnalyticsUploaderService"
210-->[com.instabug.library:instabug-core:10.8.1] AndroidManifest.xml:24:13-99
211            android:permission="android.permission.BIND_JOB_SERVICE" />
211-->[com.instabug.library:instabug-core:10.8.1] AndroidManifest.xml:25:13-69
212
213        <activity
213-->[com.instabug.library:instabug-core:10.8.1] AndroidManifest.xml:27:9-30:66
214            android:name="com.instabug.library.internal.video.RequestPermissionActivity"
214-->[com.instabug.library:instabug-core:10.8.1] AndroidManifest.xml:28:13-89
215            android:configChanges="orientation|screenSize"
215-->[com.instabug.library:instabug-core:10.8.1] AndroidManifest.xml:29:13-59
216            android:theme="@style/InstabugTranslucentSdkTheme" />
216-->[com.instabug.library:instabug-core:10.8.1] AndroidManifest.xml:30:13-63
217        <activity
217-->[com.instabug.library:instabug-core:10.8.1] AndroidManifest.xml:31:9-34:66
218            android:name="com.instabug.library.invocation.invocationdialog.InstabugDialogActivity"
218-->[com.instabug.library:instabug-core:10.8.1] AndroidManifest.xml:32:13-99
219            android:launchMode="singleTask"
219-->[com.instabug.library:instabug-core:10.8.1] AndroidManifest.xml:33:13-44
220            android:theme="@style/InstabugTranslucentSdkTheme" />
220-->[com.instabug.library:instabug-core:10.8.1] AndroidManifest.xml:34:13-63
221        <activity
221-->[com.instabug.library:instabug-core:10.8.1] AndroidManifest.xml:35:9-38:66
222            android:name="com.instabug.library.ui.onboarding.OnboardingActivity"
222-->[com.instabug.library:instabug-core:10.8.1] AndroidManifest.xml:36:13-81
223            android:launchMode="singleTask"
223-->[com.instabug.library:instabug-core:10.8.1] AndroidManifest.xml:37:13-44
224            android:theme="@style/InstabugTranslucentSdkTheme" />
224-->[com.instabug.library:instabug-core:10.8.1] AndroidManifest.xml:38:13-63
225
226        <provider
226-->[com.instabug.library:instabug-core:10.8.1] AndroidManifest.xml:40:9-44:40
227            android:name="com.instabug.library.internal.contentprovider.InstabugContentProvider"
227-->[com.instabug.library:instabug-core:10.8.1] AndroidManifest.xml:41:13-97
228            android:authorities="com.moopbusiness.internal.contentprovider.InstabugContentProvider"
228-->[com.instabug.library:instabug-core:10.8.1] AndroidManifest.xml:42:13-100
229            android:enabled="true"
229-->[com.instabug.library:instabug-core:10.8.1] AndroidManifest.xml:43:13-35
230            android:exported="false" />
230-->[com.instabug.library:instabug-core:10.8.1] AndroidManifest.xml:44:13-37
231
232        <service
232-->[com.instabug.library:instabug-core:10.8.1] AndroidManifest.xml:46:9-51:35
233            android:name="com.instabug.library.internal.video.ScreenRecordingService"
233-->[com.instabug.library:instabug-core:10.8.1] AndroidManifest.xml:47:13-86
234            android:enabled="true"
234-->[com.instabug.library:instabug-core:10.8.1] AndroidManifest.xml:48:13-35
235            android:exported="false"
235-->[com.instabug.library:instabug-core:10.8.1] AndroidManifest.xml:49:13-37
236            android:foregroundServiceType="mediaProjection" />
236-->[com.instabug.library:instabug-core:10.8.1] AndroidManifest.xml:50:13-60
237        <service
237-->[com.instabug.library:instabug-core:10.8.1] AndroidManifest.xml:52:9-57:35
238            android:name="com.instabug.library.screenshot.ScreenshotCaptureService"
238-->[com.instabug.library:instabug-core:10.8.1] AndroidManifest.xml:53:13-84
239            android:enabled="true"
239-->[com.instabug.library:instabug-core:10.8.1] AndroidManifest.xml:54:13-35
240            android:exported="false"
240-->[com.instabug.library:instabug-core:10.8.1] AndroidManifest.xml:55:13-37